<?xml version="1.0" encoding="UTF-8"?>
<!-- Generated by org.testng.reporters.JUnitXMLReporter -->
<testsuite hostname="LAPTOP-VU0KHJRO" ignored="0" name="Login Test" tests="5" failures="0" timestamp="2020-12-01T10:34:36 IST" time="93.13" errors="0">
  <testcase name="loginTest" time="7.14" classname="tests.FBLoginTestDataProvider"/>
  <testcase name="loginTest" time="7.467" classname="tests.FBLoginTestDataProvider"/>
  <testcase name="loginTest" time="7.119" classname="tests.FBLoginTestDataProvider"/>
  <testcase name="loginTest" time="7.354" classname="tests.FBLoginTestDataProvider"/>
  <testcase name="loginTest" time="13.744" classname="tests.FBLoginTestDataProvider"/>
</testsuite> <!-- Login Test -->
