<?xml version="1.0" encoding="UTF-8"?>
<!-- Generated by org.testng.reporters.JUnitXMLReporter -->
<testsuite hostname="LAPTOP-VU0KHJRO" ignored="0" name="Test2" tests="3" failures="0" timestamp="2020-12-01T10:32:33 IST" time="69.074" errors="0">
  <testcase name="launchSite" time="54.245" classname="tests.FBLoginTest"/>
  <testcase name="loginTest" time="13.449" classname="tests.FBLoginTest"/>
  <testcase name="closeSite" time="1.2" classname="tests.FBLoginTest"/>
</testsuite> <!-- Test2 -->
