<?xml version="1.0" encoding="UTF-8"?>
<!-- Generated by org.testng.reporters.JUnitXMLReporter -->
<testsuite hostname="LAPTOP-VU0KHJRO" ignored="0" name="Test3" tests="3" failures="0" timestamp="2020-12-01T10:32:05 IST" time="41.054" errors="0">
  <testcase name="launchSite" time="25.174" classname="tests.FBLoginTest"/>
  <testcase name="loginTest" time="11.532" classname="tests.FBLoginTest"/>
  <testcase name="closeSite" time="4.152" classname="tests.FBLoginTest"/>
</testsuite> <!-- Test3 -->
