<?xml version="1.0" encoding="UTF-8"?>
<!-- Generated by org.testng.reporters.JUnitXMLReporter -->
<testsuite hostname="LAPTOP-VU0KHJRO" ignored="0" name="Test1" tests="3" failures="0" timestamp="2020-12-01T10:32:25 IST" time="60.504" errors="0">
  <testcase name="launchSite" time="50.602" classname="tests.FBLoginTest"/>
  <testcase name="loginTest" time="7.665" classname="tests.FBLoginTest"/>
  <testcase name="closeSite" time="2.057" classname="tests.FBLoginTest"/>
</testsuite> <!-- Test1 -->
